Arguments: 
  /Users/thejoker/.nvm/versions/node/v10.7.0/bin/node /usr/local/bin/yarn publish

PATH: 
  /usr/local/opt/openssl/bin:/Users/thejoker/.nvm/versions/node/v10.7.0/bin:/usr/local/opt/postgresql@9.6/bin:/usr/local/bin:/usr/bin:/bin:/usr/sbin:/sbin:/usr/local/share/dotnet:/Library/Frameworks/Mono.framework/Versions/Current/Commands:/Applications/Xamarin Workbooks.app/Contents/SharedSupport/path-bin:/Users/thejoker/.rvm/bin:/Users/thejoker/.rvm/bin

Yarn version: 
  1.5.1

Node version: 
  10.7.0

Platform: 
  darwin x64

npm manifest: 
  {
    "name": "@dstatus/framework",
    "version": "0.1.3",
    "description": "dStatus's Framework Library For dStatus's Node.js dApp.",
    "main": "index.js",
    "directories": {
      "lib": "lib",
      "test": "test"
    },
    "scripts": {
      "test": "ava -s test/api.js"
    },
    "keywords": [
      "dweb",
      "dbrowser",
      "dsocial"
    ],
    "author": "Jared Rice Sr. <jared@benchx.io>",
    "license": "MIT",
    "dependencies": {
      "@dwebs/dsitedb": "~0.1.2",
      "monotonic-timestamp-base36": "^1.0.0",
      "slugify-url": "^1.2.0"
    },
    "devDependencies": {
      "@dstatus/vault": "^1.0.0",
      "ava": "^0.24.0",
      "tempy": "^0.2.1"
    },
    "publishConfig": {
      "access": "public"
    }
  }

yarn manifest: 
  No manifest

Lockfile: 
  No lockfile

Trace: 
  Error: https://registry.npmjs.org/@dstatus%2fframework: You cannot publish over the previously published versions: 0.1.3.
      at Request.params.callback [as _callback] (/usr/local/lib/node_modules/yarn/lib/cli.js:65019:18)
      at Request.self.callback (/usr/local/lib/node_modules/yarn/lib/cli.js:132430:22)
      at Request.emit (events.js:182:13)
      at Request.<anonymous> (/usr/local/lib/node_modules/yarn/lib/cli.js:133413:10)
      at Request.emit (events.js:182:13)
      at Gunzip.<anonymous> (/usr/local/lib/node_modules/yarn/lib/cli.js:133333:12)
      at Object.onceWrapper (events.js:273:13)
      at Gunzip.emit (events.js:187:15)
      at endReadableNT (_stream_readable.js:1081:12)
      at process._tickCallback (internal/process/next_tick.js:63:19)
